Using pre-set license
Built from '2020.3/staging' branch; Version is '2020.3.30f1 (1fb1bf06830e) revision 2077119'; Using compiler version '192528614'; Build Type 'Release'
OS: 'Windows 11  (10.0.22621) 64bit Professional' Language: 'ja' Physical Memory: 16220 MB
BatchMode: 1, IsHumanControllingUs: 0, StartBugReporterOnCrash: 0, Is64bit: 1, IsPro: 0

COMMAND LINE ARGUMENTS:
C:\Program Files\Unity\Hub\Editor\2020.3.30f1\Editor\Unity.exe
-adb2
-batchMode
-noUpm
-name
AssetImportWorker0
-projectPath
C:/Users/Taro Obayashi/dropgame
-logFile
Logs/AssetImportWorker0.log
-srvPort
59178
Successfully changed project path to: C:/Users/Taro Obayashi/dropgame
C:/Users/Taro Obayashi/dropgame
Using Asset Import Pipeline V2.
Refreshing native plugins compatible for Editor in 36.16 ms, found 3 plugins.
Preloading 0 native plugins for Editor in 0.00 ms.
Initialize engine version: 2020.3.30f1 (1fb1bf06830e)
[Subsystems] Discovering subsystems at path C:/Program Files/Unity/Hub/Editor/2020.3.30f1/Editor/Data/Resources/UnitySubsystems
[Subsystems] Discovering subsystems at path C:/Users/Taro Obayashi/dropgame/Assets
GfxDevice: creating device client; threaded=0
Direct3D:
    Version:  Direct3D 11.0 [level 11.1]
    Renderer: NVIDIA GeForce RTX 3050 (ID=0x2507)
    Vendor:   
    VRAM:     8056 MB
    Driver:   31.0.15.3623
Initialize mono
Mono path[0] = 'C:/Program Files/Unity/Hub/Editor/2020.3.30f1/Editor/Data/Managed'
Mono path[1] = 'C:/Program Files/Unity/Hub/Editor/2020.3.30f1/Editor/Data/MonoBleedingEdge/lib/mono/unityjit'
Mono config path = 'C:/Program Files/Unity/Hub/Editor/2020.3.30f1/Editor/Data/MonoBleedingEdge/etc'
Using monoOptions --debugger-agent=transport=dt_socket,embedding=1,server=y,suspend=n,address=127.0.0.1:56752
Begin MonoManager ReloadAssembly
Registering precompiled unity dll's ...
Register platform support module: C:/Program Files/Unity/Hub/Editor/2020.3.30f1/Editor/Data/PlaybackEngines/WebGLSupport/UnityEditor.WebGL.Extensions.dll
Register platform support module: C:/Program Files/Unity/Hub/Editor/2020.3.30f1/Editor/Data/PlaybackEngines/WindowsStandaloneSupport/UnityEditor.WindowsStandalone.Extensions.dll
Registered in 0.001303 seconds.
Native extension for WindowsStandalone target not found
Native extension for WebGL target not found
Refreshing native plugins compatible for Editor in 30.45 ms, found 3 plugins.
Preloading 0 native plugins for Editor in 0.00 ms.
Mono: successfully reloaded assembly
- Completed reload, in  0.374 seconds
Domain Reload Profiling:
	ReloadAssembly (374ms)
		BeginReloadAssembly (44ms)
			ExecutionOrderSort (0ms)
			DisableScriptedObjects (0ms)
			BackupInstance (0ms)
			ReleaseScriptingObjects (0ms)
			CreateAndSetChildDomain (1ms)
		EndReloadAssembly (284ms)
			LoadAssemblies (43ms)
			RebuildTransferFunctionScriptingTraits (0ms)
			SetupTypeCache (89ms)
			ReleaseScriptCaches (0ms)
			RebuildScriptCaches (18ms)
			SetupLoadedEditorAssemblies (114ms)
				LogAssemblyErrors (0ms)
				InitializePlatformSupportModulesInManaged (4ms)
				SetLoadedEditorAssemblies (0ms)
				RefreshPlugins (31ms)
				BeforeProcessingInitializeOnLoad (11ms)
				ProcessInitializeOnLoadAttributes (51ms)
				ProcessInitializeOnLoadMethodAttributes (17ms)
				AfterProcessingInitializeOnLoad (0ms)
				EditorAssembliesLoaded (0ms)
			ExecutionOrderSort2 (0ms)
			AwakeInstancesAfterBackupRestoration (0ms)
Platform modules already initialized, skipping
Registering precompiled user dll's ...
Registered in 0.001976 seconds.
Begin MonoManager ReloadAssembly
Native extension for WindowsStandalone target not found
Native extension for WebGL target not found
Refreshing native plugins compatible for Editor in 28.89 ms, found 3 plugins.
Preloading 0 native plugins for Editor in 0.00 ms.
Mono: successfully reloaded assembly
- Completed reload, in  0.702 seconds
Domain Reload Profiling:
	ReloadAssembly (703ms)
		BeginReloadAssembly (94ms)
			ExecutionOrderSort (0ms)
			DisableScriptedObjects (3ms)
			BackupInstance (0ms)
			ReleaseScriptingObjects (0ms)
			CreateAndSetChildDomain (12ms)
		EndReloadAssembly (571ms)
			LoadAssemblies (67ms)
			RebuildTransferFunctionScriptingTraits (0ms)
			SetupTypeCache (183ms)
			ReleaseScriptCaches (0ms)
			RebuildScriptCaches (28ms)
			SetupLoadedEditorAssemblies (221ms)
				LogAssemblyErrors (0ms)
				InitializePlatformSupportModulesInManaged (3ms)
				SetLoadedEditorAssemblies (0ms)
				RefreshPlugins (29ms)
				BeforeProcessingInitializeOnLoad (53ms)
				ProcessInitializeOnLoadAttributes (121ms)
				ProcessInitializeOnLoadMethodAttributes (11ms)
				AfterProcessingInitializeOnLoad (4ms)
				EditorAssembliesLoaded (0ms)
			ExecutionOrderSort2 (0ms)
			AwakeInstancesAfterBackupRestoration (5ms)
Platform modules already initialized, skipping
========================================================================
Worker process is ready to serve import requests
Launched and connected shader compiler UnityShaderCompiler.exe after 0.04 seconds
Refreshing native plugins compatible for Editor in 0.36 ms, found 3 plugins.
Preloading 0 native plugins for Editor in 0.00 ms.
Unloading 2213 Unused Serialized files (Serialized files now loaded: 0)
System memory in use before: 96.5 MB.
System memory in use after: 96.5 MB.

Unloading 31 unused Assets to reduce memory usage. Loaded Objects now: 2644.
Total: 2.202000 ms (FindLiveObjects: 0.092600 ms CreateObjectMapping: 0.034400 ms MarkObjects: 1.945400 ms  DeleteObjects: 0.128500 ms)

AssetImportParameters requested are different than current active one (requested -> active):
  custom:framework-win-MediaFoundation: 216162199b28c13a410421893ffa2e32 -> 
  custom:video-decoder-ogg-theora: a1e56fd34408186e4bbccfd4996cb3dc -> 
  custom:container-muxer-webm: aa71ff27fc2769a1b78a27578f13a17b -> 
  custom:container-demuxer-webm: 4f35f7cbe854078d1ac9338744f61a02 -> 
  custom:container-demuxer-ogg: 62fdf1f143b41e24485cea50d1cbac27 -> 
  custom:video-encoder-webm-vp8: eb34c28f22e8b96e1ab97ce403110664 -> 
  custom:video-decoder-webm-vp8: 9c59270c3fd7afecdb556c50c9e8de78 -> 
  custom:audio-decoder-ogg-vorbis: bf7c407c2cedff20999df2af8eb42d56 -> 
  custom:audio-encoder-webm-vorbis: bf7c407c2cedff20999df2af8eb42d56 -> 
========================================================================
Received Import Request.
  path: Assets/flower_script.cs
  artifactKey: Guid(82b292fa00035c6488ea35c5030d2df6) Importer(815301076,1909f56bfc062723c751e8b465ee728b)
Start importing Assets/flower_script.cs using Guid(82b292fa00035c6488ea35c5030d2df6) Importer(815301076,1909f56bfc062723c751e8b465ee728b)  -> (artifact id: '6765e4893a3775d85bb1ccd19cd3ca13') in 0.035669 seconds 
========================================================================
Received Import Request.
  Time since last request: 0.013130 seconds.
  path: Assets/tart_script.cs
  artifactKey: Guid(335d01fe44d68474895e989d799a5409) Importer(815301076,1909f56bfc062723c751e8b465ee728b)
Start importing Assets/tart_script.cs using Guid(335d01fe44d68474895e989d799a5409) Importer(815301076,1909f56bfc062723c751e8b465ee728b)  -> (artifact id: '79668743f8193e63480ab63e788ec889') in 0.004840 seconds 
========================================================================
Received Import Request.
  Time since last request: 0.016492 seconds.
  path: Assets/GameManager.cs
  artifactKey: Guid(e7894e5a271b9fb488d336ba9246b72a) Importer(815301076,1909f56bfc062723c751e8b465ee728b)
Start importing Assets/GameManager.cs using Guid(e7894e5a271b9fb488d336ba9246b72a) Importer(815301076,1909f56bfc062723c751e8b465ee728b)  -> (artifact id: 'e4b662c91d0c0a2cae100bcb765c8afb') in 0.004860 seconds 
========================================================================
Received Import Request.
  Time since last request: 0.017103 seconds.
  path: Assets/keepfruit_script.cs
  artifactKey: Guid(900e99b13d7e1514eb5b5059ef91f24e) Importer(815301076,1909f56bfc062723c751e8b465ee728b)
Start importing Assets/keepfruit_script.cs using Guid(900e99b13d7e1514eb5b5059ef91f24e) Importer(815301076,1909f56bfc062723c751e8b465ee728b)  -> (artifact id: '38c85b2f7d5483293b9725f012ec2287') in 0.005003 seconds 
========================================================================
Received Import Request.
  Time since last request: 0.027543 seconds.
  path: Assets/Col.cs
  artifactKey: Guid(d2ad42b7e733e2142ab3d87957080415) Importer(815301076,1909f56bfc062723c751e8b465ee728b)
Start importing Assets/Col.cs using Guid(d2ad42b7e733e2142ab3d87957080415) Importer(815301076,1909f56bfc062723c751e8b465ee728b)  -> (artifact id: '686fd3753b4b02006a3be9c1da9938e9') in 0.005151 seconds 
========================================================================
Received Import Request.
  Time since last request: 0.012977 seconds.
  path: Assets/ricecroquette_script.cs
  artifactKey: Guid(ab245376e6e1c3e4bb1ce3828fcd408c) Importer(815301076,1909f56bfc062723c751e8b465ee728b)
Start importing Assets/ricecroquette_script.cs using Guid(ab245376e6e1c3e4bb1ce3828fcd408c) Importer(815301076,1909f56bfc062723c751e8b465ee728b)  -> (artifact id: 'adff47b05a9cd82f3df358231b1135fa') in 0.005287 seconds 
========================================================================
Received Import Request.
  Time since last request: 0.006292 seconds.
  path: Assets/pumpkin_script.cs
  artifactKey: Guid(7d0c3d3b5dd5157439da7d6b983588bc) Importer(815301076,1909f56bfc062723c751e8b465ee728b)
Start importing Assets/pumpkin_script.cs using Guid(7d0c3d3b5dd5157439da7d6b983588bc) Importer(815301076,1909f56bfc062723c751e8b465ee728b)  -> (artifact id: 'f78e945c8b40ec1c8eb1396ef1b35e8c') in 0.005146 seconds 
========================================================================
Received Import Request.
  Time since last request: 0.002562 seconds.
  path: Assets/drop_fruit.cs
  artifactKey: Guid(d46276696aa38ce41942d661c1a75a6e) Importer(815301076,1909f56bfc062723c751e8b465ee728b)
Start importing Assets/drop_fruit.cs using Guid(d46276696aa38ce41942d661c1a75a6e) Importer(815301076,1909f56bfc062723c751e8b465ee728b)  -> (artifact id: 'c73deed7eac2f4d1aab5db0a3fdbb6ab') in 0.004921 seconds 
========================================================================
Received Import Request.
  Time since last request: 0.002164 seconds.
  path: Assets/Scenes/SampleScene.unity
  artifactKey: Guid(2cda990e2423bbf4892e6590ba056729) Importer(815301076,1909f56bfc062723c751e8b465ee728b)
Start importing Assets/Scenes/SampleScene.unity using Guid(2cda990e2423bbf4892e6590ba056729) Importer(815301076,1909f56bfc062723c751e8b465ee728b)  -> (artifact id: 'c3cbc6e19a6fe279a293c587cd842064') in 0.011239 seconds 
AssetImportWorkerClient::OnTransportError - code=2 error=End of file
